<?xml version="1.0" encoding="UTF-8"?>
<!-- Generated by org.testng.reporters.JUnitReportReporter -->
<testsuite hostname="DESKTOP-6E7JKDN" name="com.CTS.StripeRestAssuredAPI.PayloadToCreatePostRequestWithFile" tests="1" failures="0" timestamp="16 May 2022 16:39:08 GMT" time="3.682" errors="0">
  <testcase name="payloadToCreatePostRequestWithFile" time="3.682" classname="com.CTS.StripeRestAssuredAPI.PayloadToCreatePostRequestWithFile"/>
</testsuite> <!-- com.CTS.StripeRestAssuredAPI.PayloadToCreatePostRequestWithFile -->
