<?xml version="1.0" encoding="UTF-8"?>
<!-- Generated by org.testng.reporters.JUnitReportReporter -->
<testsuite hostname="DESKTOP-6E7JKDN" name="com.CTS.StripeRestAssuredAPI.DeletePayload" tests="1" failures="0" timestamp="11 May 2022 00:52:05 GMT" time="0.968" errors="0">
  <testcase name="deletePayload" time="0.968" classname="com.CTS.StripeRestAssuredAPI.DeletePayload"/>
</testsuite> <!-- com.CTS.StripeRestAssuredAPI.DeletePayload -->
