<?xml version="1.0" encoding="UTF-8"?>
<!-- Generated by org.testng.reporters.JUnitReportReporter -->
<testsuite hostname="DESKTOP-6E7JKDN" name="com.CTS.StripeRestAssuredAPI.CreatePlaceId" tests="1" failures="0" timestamp="18 May 2022 15:30:53 GMT" time="0.001" errors="0">
  <testcase name="createPlaceId" time="0.001" classname="com.CTS.StripeRestAssuredAPI.CreatePlaceId"/>
</testsuite> <!-- com.CTS.StripeRestAssuredAPI.CreatePlaceId -->
