<?xml version="1.0" encoding="UTF-8"?>
<!-- Generated by org.testng.reporters.JUnitReportReporter -->
<testsuite hostname="DESKTOP-6E7JKDN" name="shettyAcademy.PostRequest2" tests="1" failures="0" timestamp="26 Apr 2022 18:48:12 GMT" time="10.913" errors="0">
  <testcase name="postRequest" time="10.913" classname="shettyAcademy.PostRequest2"/>
</testsuite> <!-- shettyAcademy.PostRequest2 -->
