<?xml version="1.0" encoding="UTF-8"?>
<!-- Generated by org.testng.reporters.JUnitReportReporter -->
<testsuite hostname="DESKTOP-6E7JKDN" name="shettyAcademy.DeleteRequest" tests="2" failures="0" timestamp="18 May 2022 20:09:26 GMT" time="4.796" errors="0">
  <testcase name="postRequestUsingFile" time="1.137" classname="shettyAcademy.DeleteRequest"/>
  <testcase name="deleteRequest" time="3.659" classname="shettyAcademy.DeleteRequest"/>
</testsuite> <!-- shettyAcademy.DeleteRequest -->
