<?xml version="1.0" encoding="UTF-8"?>
<!-- Generated by org.testng.reporters.JUnitReportReporter -->
<testsuite hostname="DESKTOP-6E7JKDN" name="com.CTS.StripeRestAssuredAPI.PayloadToCreatePostRequest" tests="1" failures="0" timestamp="12 May 2022 14:30:51 GMT" time="1.209" errors="0">
  <testcase name="postRequest" time="1.209" classname="com.CTS.StripeRestAssuredAPI.PayloadToCreatePostRequest"/>
</testsuite> <!-- com.CTS.StripeRestAssuredAPI.PayloadToCreatePostRequest -->
