<?xml version="1.0" encoding="UTF-8"?>
<!-- Generated by org.testng.reporters.JUnitReportReporter -->
<testsuite hostname="DESKTOP-6E7JKDN" name="utilityClass.JsonDeleteRequest" tests="1" failures="0" timestamp="11 May 2022 00:56:19 GMT" time="5.632" errors="0">
  <testcase name="jsonDeleteRequest" time="5.632" classname="utilityClass.JsonDeleteRequest"/>
</testsuite> <!-- utilityClass.JsonDeleteRequest -->
