<?xml version="1.0" encoding="UTF-8"?>
<!-- Generated by org.testng.reporters.JUnitReportReporter -->
<testsuite hostname="DESKTOP-6E7JKDN" name="com.CTS.StripeRestAssuredAPI.ReadPayLoadData" tests="1" failures="0" timestamp="10 May 2022 18:51:55 GMT" time="0.560" errors="0">
  <testcase name="readExcelData" time="0.560" classname="com.CTS.StripeRestAssuredAPI.ReadPayLoadData"/>
</testsuite> <!-- com.CTS.StripeRestAssuredAPI.ReadPayLoadData -->
