<?xml version="1.0" encoding="UTF-8"?>
<!-- Generated by org.testng.reporters.JUnitReportReporter -->
<testsuite hostname="DESKTOP-6E7JKDN" name="shettyAcademy.PostRequest2" tests="1" failures="0" timestamp="20 Apr 2022 16:59:01 GMT" time="3.813" errors="0">
  <testcase name="postRequest" time="3.813" classname="shettyAcademy.PostRequest2"/>
</testsuite> <!-- shettyAcademy.PostRequest2 -->
