<?xml version="1.0" encoding="UTF-8"?>
<!-- Generated by org.testng.reporters.JUnitReportReporter -->
<testsuite hostname="DESKTOP-6E7JKDN" name="shettyAcademy.GetRequest" tests="2" failures="0" timestamp="18 May 2022 20:09:26 GMT" time="3.622" errors="0">
  <testcase name="getRequest" time="2.471" classname="shettyAcademy.GetRequest"/>
  <testcase name="postRequestUsingFile" time="1.151" classname="shettyAcademy.GetRequest"/>
</testsuite> <!-- shettyAcademy.GetRequest -->
