<?xml version="1.0" encoding="UTF-8"?>
<!-- Generated by org.testng.reporters.JUnitReportReporter -->
<testsuite hostname="DESKTOP-6E7JKDN" name="com.CTS.StripeRestAssuredAPI.UpdatePayload" tests="1" failures="0" timestamp="12 May 2022 17:39:55 GMT" time="4.258" errors="0">
  <testcase name="updatePayload" time="4.258" classname="com.CTS.StripeRestAssuredAPI.UpdatePayload"/>
</testsuite> <!-- com.CTS.StripeRestAssuredAPI.UpdatePayload -->
