<?xml version="1.0" encoding="UTF-8"?>
<!-- Generated by org.testng.reporters.JUnitReportReporter -->
<testsuite hostname="DESKTOP-6E7JKDN" name="shettyAcademy.PostRequestUsingFile" tests="1" failures="0" timestamp="18 May 2022 20:09:26 GMT" time="1.143" errors="0">
  <testcase name="postRequestUsingFile" time="1.143" classname="shettyAcademy.PostRequestUsingFile"/>
</testsuite> <!-- shettyAcademy.PostRequestUsingFile -->
