<?xml version="1.0" encoding="UTF-8"?>
<!-- Generated by org.testng.reporters.JUnitReportReporter -->
<testsuite hostname="DESKTOP-6E7JKDN" name="com.CTS.StripeRestAssuredAPI.JsonPayload" tests="1" failures="0" timestamp="10 May 2022 21:16:14 GMT" time="0.571" errors="0">
  <testcase name="jsonPayloadObject" time="0.571" classname="com.CTS.StripeRestAssuredAPI.JsonPayload"/>
</testsuite> <!-- com.CTS.StripeRestAssuredAPI.JsonPayload -->
