<?xml version="1.0" encoding="UTF-8"?>
<!-- Generated by org.testng.reporters.JUnitReportReporter -->
<testsuite hostname="DESKTOP-6E7JKDN" name="shettyAcademy.DeleteRequest" tests="1" failures="0" timestamp="18 May 2022 15:30:53 GMT" time="1.214" errors="0">
  <testcase name="deleteRequest" time="1.214" classname="shettyAcademy.DeleteRequest"/>
</testsuite> <!-- shettyAcademy.DeleteRequest -->
