<?xml version="1.0" encoding="UTF-8"?>
<!-- Generated by org.testng.reporters.JUnitReportReporter -->
<testsuite hostname="DESKTOP-6E7JKDN" name="shettyAcademy.PostRequest2" tests="1" failures="0" timestamp="4 May 2022 21:53:04 GMT" time="3.384" errors="0">
  <testcase name="postRequest" time="3.384" classname="shettyAcademy.PostRequest2"/>
</testsuite> <!-- shettyAcademy.PostRequest2 -->
