<?xml version="1.0" encoding="UTF-8"?>
<!-- Generated by org.testng.reporters.JUnitReportReporter -->
<testsuite hostname="DESKTOP-6E7JKDN" name="utilityClass.JSONGetRequest" tests="1" failures="0" timestamp="3 May 2022 02:33:49 GMT" time="5.355" errors="0">
  <testcase name="getRequest" time="5.355" classname="utilityClass.JSONGetRequest"/>
</testsuite> <!-- utilityClass.JSONGetRequest -->
