<?xml version="1.0" encoding="UTF-8"?>
<!-- Generated by org.testng.reporters.JUnitReportReporter -->
<testsuite hostname="DESKTOP-6E7JKDN" name="shettyAcademy.GetRequest" tests="1" failures="0" timestamp="18 May 2022 15:30:53 GMT" time="2.396" errors="0">
  <testcase name="getRequest" time="2.396" classname="shettyAcademy.GetRequest"/>
</testsuite> <!-- shettyAcademy.GetRequest -->
