<?xml version="1.0" encoding="UTF-8"?>
<!-- Generated by org.testng.reporters.JUnitReportReporter -->
<testsuite hostname="DESKTOP-6E7JKDN" name="extendedReport.ExtentListeners" tests="1" failures="0" timestamp="18 May 2022 20:09:26 GMT" time="1.176" errors="0">
  <testcase name="postRequestUsingFile" time="1.176" classname="extendedReport.ExtentListeners"/>
</testsuite> <!-- extendedReport.ExtentListeners -->
