<?xml version="1.0" encoding="UTF-8"?>
<!-- Generated by org.testng.reporters.JUnitReportReporter -->
<testsuite hostname="DESKTOP-6E7JKDN" name="shettyAcademy.UpdateRequest" tests="2" failures="0" timestamp="18 May 2022 20:09:26 GMT" time="8.606" errors="0">
  <testcase name="updateRequest" time="4.609" classname="shettyAcademy.UpdateRequest"/>
  <testcase name="postRequestUsingFile" time="3.997" classname="shettyAcademy.UpdateRequest"/>
</testsuite> <!-- shettyAcademy.UpdateRequest -->
