<?xml version="1.0" encoding="UTF-8"?>
<!-- Generated by org.testng.reporters.JUnitReportReporter -->
<testsuite hostname="DESKTOP-6E7JKDN" name="shettyAcademy.CreatePlaceIdAPIUsingPostRequest" tests="1" failures="0" timestamp="12 May 2022 15:52:11 GMT" time="4.453" errors="0">
  <testcase name="postRequest" time="4.453" classname="shettyAcademy.CreatePlaceIdAPIUsingPostRequest"/>
</testsuite> <!-- shettyAcademy.CreatePlaceIdAPIUsingPostRequest -->
