<?xml version="1.0" encoding="UTF-8"?>
<!-- Generated by org.testng.reporters.JUnitReportReporter -->
<testsuite hostname="DESKTOP-6E7JKDN" name="shettyAcademy.UpdateRequest" tests="1" failures="0" timestamp="18 May 2022 15:30:53 GMT" time="4.299" errors="0">
  <testcase name="updateRequest" time="4.299" classname="shettyAcademy.UpdateRequest"/>
</testsuite> <!-- shettyAcademy.UpdateRequest -->
