<?xml version="1.0" encoding="UTF-8"?>
<!-- Generated by org.testng.reporters.JUnitReportReporter -->
<testsuite hostname="DESKTOP-6E7JKDN" name="shettyAcademy.Dummy" tests="1" failures="0" timestamp="13 May 2022 15:17:48 GMT" time="6.794" errors="0">
  <testcase name="dummy" time="6.794" classname="shettyAcademy.Dummy"/>
</testsuite> <!-- shettyAcademy.Dummy -->
